<?xml version="1.0" encoding="utf-8"?><testsuites><testsuite name="pytest" errors="0" failures="0" skipped="0" tests="6" time="13.003" timestamp="2026-09-15T14:24:19.836008+05:30" hostname="LAPTOP-JOHB9A02"><testcase classname="apps.ocr.tests.test_parser" name="test_parse_prescription_line_into_medicine_fields" time="0.013" /><testcase classname="apps.refills.tests.test_router" name="test_health_reports_model_status" time="8.559" /><testcase classname="apps.refills.tests.test_router" name="test_predict_matches_spec_worked_example" time="0.058" /><testcase classname="apps.refills.tests.test_router" name="test_predict_batch_sorts_by_urgency_and_summarizes" time="0.010" /><testcase classname="apps.refills.tests.test_router" name="test_predict_caregiver_ranks_patients_by_urgency" time="0.013" /><testcase classname="apps.refills.tests.test_router" name="test_predict_no_schedule_returns_no_schedule_status" time="0.006" /></testsuite></testsuites>